[0;32m[METRICS][0m Starting Shovel metrics monitoring...
[0;32m[METRICS][0m Metrics will be logged to: /workspace/logs/shovel_metrics.log
[0;32m[METRICS][0m Press Ctrl+C to stop monitoring
[0;32m[METRICS][0m Setting up metrics tables...
perl: warning: Setting locale failed.
perl: warning: Please check that your locale settings:
	LANGUAGE = (unset),
	LC_ALL = (unset),
	LANG = "en_US.UTF-8"
    are supported and installed on your system.
perl: warning: Falling back to the standard locale ("C").
NOTICE:  relation "shovel_metrics" already exists, skipping
CREATE TABLE
NOTICE:  relation "idx_shovel_metrics_timestamp" already exists, skipping
CREATE INDEX
NOTICE:  relation "idx_shovel_metrics_type" already exists, skipping
CREATE INDEX
CREATE VIEW
[0;32m[METRICS][0m Metrics tables created successfully
[0;32m[METRICS][0m Collecting metrics at Tue Jul  8 19:12:46 UTC 2025
[0;34m[METRICS][0m DB Metrics - Size: , Events: , Latest Block: , Avg Bytes/Event: N/A, Rate: 0 events/min
[0;34m[METRICS][0m Block Metrics - Blocks/min: 0, Avg Events/Block: 
[0;34m[METRICS][0m System Metrics - Shovel Memory: 84.832MB, CPU: 3.0%, Disk: %
[0;32m[METRICS][0m Sleeping for 30 seconds...
[0;32m[METRICS][0m Collecting metrics at Tue Jul  8 19:13:17 UTC 2025
[0;34m[METRICS][0m DB Metrics - Size: 16 kB, Events: 0, Latest Block: , Avg Bytes/Event: N/A, Rate: 0 events/min
[0;34m[METRICS][0m Block Metrics - Blocks/min: 0, Avg Events/Block: 
[0;34m[METRICS][0m System Metrics - Shovel Memory: 94.3594MB, CPU: 0.0%, Disk: %
[0;32m[METRICS][0m Sleeping for 30 seconds...
[0;32m[METRICS][0m Collecting metrics at Tue Jul  8 19:13:47 UTC 2025
[0;34m[METRICS][0m DB Metrics - Size: 16 kB, Events: 0, Latest Block: , Avg Bytes/Event: N/A, Rate: 0 events/min
[0;34m[METRICS][0m Block Metrics - Blocks/min: 0, Avg Events/Block: 
[0;34m[METRICS][0m System Metrics - Shovel Memory: 94.4844MB, CPU: 1.2%, Disk: %
[0;32m[METRICS][0m Sleeping for 30 seconds...
[0;32m[METRICS][0m Collecting metrics at Tue Jul  8 19:14:17 UTC 2025
[0;34m[METRICS][0m DB Metrics - Size: 16 kB, Events: 0, Latest Block: , Avg Bytes/Event: N/A, Rate: 0 events/min
[0;34m[METRICS][0m Block Metrics - Blocks/min: 0, Avg Events/Block: 
[0;34m[METRICS][0m System Metrics - Shovel Memory: 94.4844MB, CPU: 0.6%, Disk: %
[0;32m[METRICS][0m Sleeping for 30 seconds...
[0;32m[METRICS][0m Collecting metrics at Tue Jul  8 19:14:48 UTC 2025
[0;34m[METRICS][0m DB Metrics - Size: 16 kB, Events: 0, Latest Block: , Avg Bytes/Event: N/A, Rate: 0 events/min
[0;34m[METRICS][0m Block Metrics - Blocks/min: 0, Avg Events/Block: 
[0;34m[METRICS][0m System Metrics - Shovel Memory: 94.4844MB, CPU: 0.6%, Disk: %
[0;32m[METRICS][0m Sleeping for 30 seconds...
[0;32m[METRICS][0m Collecting metrics at Tue Jul  8 19:15:18 UTC 2025
[0;34m[METRICS][0m DB Metrics - Size: 16 kB, Events: 0, Latest Block: , Avg Bytes/Event: N/A, Rate: 0 events/min
[0;34m[METRICS][0m Block Metrics - Blocks/min: 0, Avg Events/Block: 
[0;34m[METRICS][0m System Metrics - Shovel Memory: 94.4844MB, CPU: 0.0%, Disk: %
[0;32m[METRICS][0m Sleeping for 30 seconds...
[0;32m[METRICS][0m Collecting metrics at Tue Jul  8 19:15:48 UTC 2025
[0;34m[METRICS][0m DB Metrics - Size: 16 kB, Events: 0, Latest Block: , Avg Bytes/Event: N/A, Rate: 0 events/min
[0;34m[METRICS][0m Block Metrics - Blocks/min: 0, Avg Events/Block: 
[0;34m[METRICS][0m System Metrics - Shovel Memory: 96.6562MB, CPU: 0.6%, Disk: %
[0;32m[METRICS][0m Sleeping for 30 seconds...
[0;32m[METRICS][0m Collecting metrics at Tue Jul  8 19:16:18 UTC 2025
[0;34m[METRICS][0m DB Metrics - Size: 16 kB, Events: 0, Latest Block: , Avg Bytes/Event: N/A, Rate: 0 events/min
[0;34m[METRICS][0m Block Metrics - Blocks/min: 0, Avg Events/Block: 
[0;34m[METRICS][0m System Metrics - Shovel Memory: 96.6562MB, CPU: 0.6%, Disk: %
[0;32m[METRICS][0m Sleeping for 30 seconds...
[0;32m[METRICS][0m Collecting metrics at Tue Jul  8 19:16:49 UTC 2025
[0;34m[METRICS][0m DB Metrics - Size: 16 kB, Events: 0, Latest Block: , Avg Bytes/Event: N/A, Rate: 0 events/min
[0;34m[METRICS][0m Block Metrics - Blocks/min: 0, Avg Events/Block: 
[0;34m[METRICS][0m System Metrics - Shovel Memory: 96.7812MB, CPU: 0.0%, Disk: %
[0;32m[METRICS][0m Sleeping for 30 seconds...
[0;32m[METRICS][0m Collecting metrics at Tue Jul  8 19:17:19 UTC 2025
[0;34m[METRICS][0m DB Metrics - Size: 16 kB, Events: 0, Latest Block: , Avg Bytes/Event: N/A, Rate: 0 events/min
[0;34m[METRICS][0m Block Metrics - Blocks/min: 0, Avg Events/Block: 
[0;34m[METRICS][0m System Metrics - Shovel Memory: 99.4062MB, CPU: 0.6%, Disk: %
[0;32m[METRICS][0m Sleeping for 30 seconds...
[0;32m[METRICS][0m Collecting metrics at Tue Jul  8 19:17:49 UTC 2025
[0;34m[METRICS][0m DB Metrics - Size: 16 kB, Events: 0, Latest Block: , Avg Bytes/Event: N/A, Rate: 0 events/min
[0;34m[METRICS][0m Block Metrics - Blocks/min: 0, Avg Events/Block: 
[0;34m[METRICS][0m System Metrics - Shovel Memory: 99.4062MB, CPU: 0.0%, Disk: %
[0;32m[METRICS][0m Sleeping for 30 seconds...
[0;32m[METRICS][0m Collecting metrics at Tue Jul  8 19:18:20 UTC 2025
[0;34m[METRICS][0m DB Metrics - Size: 16 kB, Events: 0, Latest Block: , Avg Bytes/Event: N/A, Rate: 0 events/min
[0;34m[METRICS][0m Block Metrics - Blocks/min: 0, Avg Events/Block: 
[0;34m[METRICS][0m System Metrics - Shovel Memory: 99.4062MB, CPU: 4.2%, Disk: %
[0;32m[METRICS][0m Sleeping for 30 seconds...
[0;32m[METRICS][0m Collecting metrics at Tue Jul  8 19:18:50 UTC 2025
[0;34m[METRICS][0m DB Metrics - Size: 16 kB, Events: 0, Latest Block: , Avg Bytes/Event: N/A, Rate: 0 events/min
[0;34m[METRICS][0m Block Metrics - Blocks/min: 0, Avg Events/Block: 
[0;34m[METRICS][0m System Metrics - Shovel Memory: 99.4062MB, CPU: 0.0%, Disk: %
[0;32m[METRICS][0m Sleeping for 30 seconds...
[0;32m[METRICS][0m Collecting metrics at Tue Jul  8 19:19:20 UTC 2025
[0;34m[METRICS][0m DB Metrics - Size: 16 kB, Events: 0, Latest Block: , Avg Bytes/Event: N/A, Rate: 0 events/min
[0;34m[METRICS][0m Block Metrics - Blocks/min: 0, Avg Events/Block: 
[0;34m[METRICS][0m System Metrics - Shovel Memory: 99.4062MB, CPU: 0.0%, Disk: %
[0;32m[METRICS][0m Sleeping for 30 seconds...
[0;32m[METRICS][0m Collecting metrics at Tue Jul  8 19:19:51 UTC 2025
[0;34m[METRICS][0m DB Metrics - Size: 16 kB, Events: 0, Latest Block: , Avg Bytes/Event: N/A, Rate: 0 events/min
[0;34m[METRICS][0m Block Metrics - Blocks/min: 0, Avg Events/Block: 
[0;34m[METRICS][0m System Metrics - Shovel Memory: 97.9922MB, CPU: 0.0%, Disk: %
[0;32m[METRICS][0m Sleeping for 30 seconds...
[0;32m[METRICS][0m Collecting metrics at Tue Jul  8 19:20:21 UTC 2025
[0;34m[METRICS][0m DB Metrics - Size: 16 kB, Events: 0, Latest Block: , Avg Bytes/Event: N/A, Rate: 0 events/min
[0;34m[METRICS][0m Block Metrics - Blocks/min: 0, Avg Events/Block: 
[0;34m[METRICS][0m System Metrics - Shovel Memory: 97.9922MB, CPU: 0.0%, Disk: %
[0;32m[METRICS][0m Sleeping for 30 seconds...
[0;32m[METRICS][0m Collecting metrics at Tue Jul  8 19:20:51 UTC 2025
[0;34m[METRICS][0m DB Metrics - Size: 16 kB, Events: 0, Latest Block: , Avg Bytes/Event: N/A, Rate: 0 events/min
[0;34m[METRICS][0m Block Metrics - Blocks/min: 0, Avg Events/Block: 
[0;34m[METRICS][0m System Metrics - Shovel Memory: 97.9922MB, CPU: 0.0%, Disk: %
[0;32m[METRICS][0m Sleeping for 30 seconds...
[0;32m[METRICS][0m Collecting metrics at Tue Jul  8 19:21:22 UTC 2025
[0;34m[METRICS][0m DB Metrics - Size: 16 kB, Events: 0, Latest Block: , Avg Bytes/Event: N/A, Rate: 0 events/min
[0;34m[METRICS][0m Block Metrics - Blocks/min: 0, Avg Events/Block: 
[0;34m[METRICS][0m System Metrics - Shovel Memory: 97.9922MB, CPU: 0.6%, Disk: %
[0;32m[METRICS][0m Sleeping for 30 seconds...
[0;32m[METRICS][0m Collecting metrics at Tue Jul  8 19:21:52 UTC 2025
[0;34m[METRICS][0m DB Metrics - Size: 16 kB, Events: 0, Latest Block: , Avg Bytes/Event: N/A, Rate: 0 events/min
[0;34m[METRICS][0m Block Metrics - Blocks/min: 0, Avg Events/Block: 
[0;34m[METRICS][0m System Metrics - Shovel Memory: 97.6914MB, CPU: 0.6%, Disk: %
[0;32m[METRICS][0m Sleeping for 30 seconds...
[0;32m[METRICS][0m Collecting metrics at Tue Jul  8 19:22:22 UTC 2025
[0;34m[METRICS][0m DB Metrics - Size: 16 kB, Events: 0, Latest Block: , Avg Bytes/Event: N/A, Rate: 0 events/min
[0;34m[METRICS][0m Block Metrics - Blocks/min: 0, Avg Events/Block: 
[0;34m[METRICS][0m System Metrics - Shovel Memory: 97.6914MB, CPU: 1.2%, Disk: %
[0;32m[METRICS][0m Sleeping for 30 seconds...
[0;32m[METRICS][0m Collecting metrics at Tue Jul  8 19:22:52 UTC 2025
[0;34m[METRICS][0m DB Metrics - Size: 16 kB, Events: 0, Latest Block: , Avg Bytes/Event: N/A, Rate: 0 events/min
[0;34m[METRICS][0m Block Metrics - Blocks/min: 0, Avg Events/Block: 
[0;34m[METRICS][0m System Metrics - Shovel Memory: 97.6914MB, CPU: 0.0%, Disk: %
[0;32m[METRICS][0m Sleeping for 30 seconds...
